C:\Program Files\Microsoft Visual Studio\2022\Community\MSBuild\Microsoft\VC\v170\Microsoft.CppBuild.targets(503,5): warning MSB8004: Output Directory does not end with a trailing slash.  This build instance will add the slash as it is required to allow proper evaluation of the Output Directory.
  Building Custom Rule C:/Users/porte/OneDrive/Desktop/Subtitilizer/project4/CMakeLists.txt
  main.cpp
  load_frame.cpp
  video_reader.cpp
C:\Users\porte\OneDrive\Desktop\Subtitilizer\project4\src\video_reader.cpp(156,3): warning C4477: 'printf' : format string '%d' requires an argument of type 'int', but variadic argument 3 has type 'int64_t'
C:\Users\porte\OneDrive\Desktop\Subtitilizer\project4\src\video_reader.cpp(156,3): message : consider using '%lld' in the format string
C:\Users\porte\OneDrive\Desktop\Subtitilizer\project4\src\video_reader.cpp(156,3): message : consider using '%Id' in the format string
C:\Users\porte\OneDrive\Desktop\Subtitilizer\project4\src\video_reader.cpp(156,3): message : consider using '%I64d' in the format string
C:\Users\porte\OneDrive\Desktop\Subtitilizer\project4\src\video_reader.cpp(156,3): warning C4477: 'printf' : format string '%d' requires an argument of type 'int', but variadic argument 4 has type 'int64_t'
C:\Users\porte\OneDrive\Desktop\Subtitilizer\project4\src\video_reader.cpp(156,3): message : consider using '%lld' in the format string
C:\Users\porte\OneDrive\Desktop\Subtitilizer\project4\src\video_reader.cpp(156,3): message : consider using '%Id' in the format string
C:\Users\porte\OneDrive\Desktop\Subtitilizer\project4\src\video_reader.cpp(156,3): message : consider using '%I64d' in the format string
  Generating Code...
LINK : warning LNK4044: unrecognized option '/lglu32 -lopengl32'; ignored
LINK : warning LNK4044: unrecognized option '/std=gnu99'; ignored
LINK : warning LNK4044: unrecognized option '/static'; ignored
LINK : warning LNK4044: unrecognized option '/static-libgcc'; ignored
LINK : warning LNK4044: unrecognized option '/static-libstdc++'; ignored
LINK : warning LNK4044: unrecognized option '/mwindows'; ignored
  Project2.vcxproj -> C:\Users\porte\OneDrive\Desktop\Subtitilizer\project4\build\bin\Project2.exe
